Traceback (most recent call last):
  File "/home/vaclav_knapp/HIDA/hida-tune/train.py", line 9, in <module>
    import wandb
  File "/home/vaclav_knapp/anaconda3/envs/HIDA-tune/lib/python3.10/site-packages/wandb/__init__.py", line 22, in <module>
    from wandb.sdk.lib import wb_logging as _wb_logging
  File "/home/vaclav_knapp/anaconda3/envs/HIDA-tune/lib/python3.10/site-packages/wandb/sdk/__init__.py", line 25, in <module>
    from .artifacts.artifact import Artifact
  File "/home/vaclav_knapp/anaconda3/envs/HIDA-tune/lib/python3.10/site-packages/wandb/sdk/artifacts/artifact.py", line 30, in <module>
    from wandb import data_types, env
  File "/home/vaclav_knapp/anaconda3/envs/HIDA-tune/lib/python3.10/site-packages/wandb/data_types.py", line 16, in <module>
    from .sdk.data_types.audio import Audio
  File "/home/vaclav_knapp/anaconda3/envs/HIDA-tune/lib/python3.10/site-packages/wandb/sdk/data_types/audio.py", line 11, in <module>
    from .base_types.media import BatchableMedia
  File "/home/vaclav_knapp/anaconda3/envs/HIDA-tune/lib/python3.10/site-packages/wandb/sdk/data_types/base_types/media.py", line 14, in <module>
    from .wb_value import WBValue
  File "/home/vaclav_knapp/anaconda3/envs/HIDA-tune/lib/python3.10/site-packages/wandb/sdk/data_types/base_types/wb_value.py", line 4, in <module>
    from wandb.sdk import wandb_setup
  File "/home/vaclav_knapp/anaconda3/envs/HIDA-tune/lib/python3.10/site-packages/wandb/sdk/wandb_setup.py", line 38, in <module>
    from . import wandb_settings
  File "/home/vaclav_knapp/anaconda3/envs/HIDA-tune/lib/python3.10/site-packages/wandb/sdk/wandb_settings.py", line 38, in <module>
    from .lib import apikey, credentials, ipython
  File "/home/vaclav_knapp/anaconda3/envs/HIDA-tune/lib/python3.10/site-packages/wandb/sdk/lib/apikey.py", line 21, in <module>
    from wandb.apis import InternalApi
  File "/home/vaclav_knapp/anaconda3/envs/HIDA-tune/lib/python3.10/site-packages/wandb/apis/__init__.py", line 44, in <module>
    from .public import Api as PublicApi  # noqa
  File "/home/vaclav_knapp/anaconda3/envs/HIDA-tune/lib/python3.10/site-packages/wandb/apis/public/__init__.py", line 35, in <module>
    from wandb.apis.public.users import User
  File "<frozen importlib._bootstrap>", line 1027, in _find_and_load
  File "<frozen importlib._bootstrap>", line 1002, in _find_and_load_unlocked
  File "<frozen importlib._bootstrap>", line 945, in _find_spec
  File "<frozen importlib._bootstrap_external>", line 1439, in find_spec
  File "<frozen importlib._bootstrap_external>", line 1411, in _get_spec
  File "<frozen importlib._bootstrap_external>", line 1577, in find_spec
  File "<frozen importlib._bootstrap_external>", line 161, in _path_isfile
  File "<frozen importlib._bootstrap_external>", line 153, in _path_is_mode_type
  File "<frozen importlib._bootstrap_external>", line 147, in _path_stat
KeyboardInterrupt
